<?xml version="1.0" encoding="UTF-8"?>
<testsuite xmlns:xsi="http://www.w3.org/2001/XMLSchema-instance" xsi:schemaLocation="https://maven.apache.org/surefire/maven-surefire-plugin/xsd/surefire-test-report.xsd" name="pl.polsl.model.TankModelTest" time="0.271" tests="21" errors="0" skipped="0" failures="0">
  <properties>
[...]
</properties>
  <testcase name="testCalculateBaseArea{int, int}[1]" classname="pl.polsl.model.TankModelTest" time="0.09"/>
  <testcase name="testCalculateMaxHeight{int}[1]" classname="pl.polsl.model.TankModelTest" time="0.001"/>
  <testcase name="testCalculateMaxHeight{int}[2]" classname="pl.polsl.model.TankModelTest" time="0.003"/>
  <testcase name="testCalculateMaxHeight{int}[3]" classname="pl.polsl.model.TankModelTest" time="0.002"/>
  <testcase name="testCalculateMaxHeight{int}[4]" classname="pl.polsl.model.TankModelTest" time="0.001"/>
  <testcase name="testCalculateMaxHeight{int}[5]" classname="pl.polsl.model.TankModelTest" time="0.005"/>
  <testcase name="testUpdateFluidHeight{double}[1]" classname="pl.polsl.model.TankModelTest" time="0"/>
  <testcase name="testUpdateFluidHeight{double}[2]" classname="pl.polsl.model.TankModelTest" time="0"/>
  <testcase name="testUpdateFluidHeight{double}[3]" classname="pl.polsl.model.TankModelTest" time="0"/>
  <testcase name="testUpdateFluidHeight{double}[4]" classname="pl.polsl.model.TankModelTest" time="0.001"/>
  <testcase name="testUpdateFluidHeight{double}[5]" classname="pl.polsl.model.TankModelTest" time="0.001"/>
  <testcase name="testCalculateMinHeight{int}[1]" classname="pl.polsl.model.TankModelTest" time="0.001"/>
  <testcase name="testCalculateMinHeight{int}[2]" classname="pl.polsl.model.TankModelTest" time="0"/>
  <testcase name="testCalculateMinHeight{int}[3]" classname="pl.polsl.model.TankModelTest" time="0"/>
  <testcase name="testCalculateMinHeight{int}[4]" classname="pl.polsl.model.TankModelTest" time="0.002"/>
  <testcase name="testCalculateMinHeight{int}[5]" classname="pl.polsl.model.TankModelTest" time="0.001"/>
  <testcase name="testCalculateAverageHeight{int}[1]" classname="pl.polsl.model.TankModelTest" time="0.005"/>
  <testcase name="testCalculateAverageHeight{int}[2]" classname="pl.polsl.model.TankModelTest" time="0.001"/>
  <testcase name="testCalculateAverageHeight{int}[3]" classname="pl.polsl.model.TankModelTest" time="0.001"/>
  <testcase name="testCalculateAverageHeight{int}[4]" classname="pl.polsl.model.TankModelTest" time="0"/>
  <testcase name="testCalculateAverageHeight{int}[5]" classname="pl.polsl.model.TankModelTest" time="0"/>
</testsuite>